<?xml version="1.0" encoding="UTF-8"?>
<testsuite xmlns:xsi="http://www.w3.org/2001/XMLSchema-instance" xsi:noNamespaceSchemaLocation="https://maven.apache.org/surefire/maven-surefire-plugin/xsd/surefire-test-report-3.0.xsd" version="3.0" name="com.example.Demo.Train1ApplicationTests" time="5.587" tests="1" errors="0" skipped="0" failures="0">
  <properties>
[...]
</properties>
  <testcase name="contextLoads" classname="com.example.Demo.Train1ApplicationTests" time="1.069">
    <system-out><![CDATA[07:56:34.685 [main] INFO org.springframework.test.context.support.AnnotationConfigContextLoaderUtils -- Could not detect default configuration classes for test class [com.example.Demo.Train1ApplicationTests]: Train1ApplicationTests does not declare any static, non-private, non-final, nested classes annotated with @Configuration.
07:56:34.827 [main] INFO org.springframework.boot.test.context.SpringBootTestContextBootstrapper -- Found @SpringBootConfiguration com.example.Demo.Train1Application for test class com.example.Demo.Train1ApplicationTests

  .   ____          _            __ _ _
 /\\ / ___'_ __ _ _(_)_ __  __ _ \ \ \ \
( ( )\___ | '_ | '_| | '_ \/ _` | \ \ \ \
 \\/  ___)| |_)| | | | | || (_| |  ) ) ) )
  '  |____| .__|_| |_|_| |_\__, | / / / /
 =========|_|==============|___/=/_/_/_/
 :: Spring Boot ::                (v3.2.0)

2024-02-16T07:56:35.302+05:30  WARN 22160 --- [           main] ory$DuplicateJsonObjectContextCustomizer : 

Found multiple occurrences of org.json.JSONObject on the class path:

	jar:file:/C:/Users/mselv/.m2/repository/org/json/json/20180130/json-20180130.jar!/org/json/JSONObject.class
	jar:file:/C:/Users/mselv/.m2/repository/com/vaadin/external/google/android-json/0.0.20131108.vaadin1/android-json-0.0.20131108.vaadin1.jar!/org/json/JSONObject.class

You may wish to exclude one of them to ensure predictable runtime behavior

2024-02-16T07:56:35.322+05:30  INFO 22160 --- [           main] c.example.Demo.Train1ApplicationTests    : Starting Train1ApplicationTests using Java 21.0.1 with PID 22160 (started by mselv in C:\Users\mselv\Desktop\New folder\HappyFaces\Train-1)
2024-02-16T07:56:35.324+05:30  INFO 22160 --- [           main] c.example.Demo.Train1ApplicationTests    : No active profile set, falling back to 1 default profile: "default"
2024-02-16T07:56:36.231+05:30  INFO 22160 --- [           main] .s.d.r.c.RepositoryConfigurationDelegate : Bootstrapping Spring Data Reactive MongoDB repositories in DEFAULT mode.
2024-02-16T07:56:36.410+05:30  INFO 22160 --- [           main] .s.d.r.c.RepositoryConfigurationDelegate : Finished Spring Data repository scanning in 172 ms. Found 0 Reactive MongoDB repository interfaces.
2024-02-16T07:56:36.418+05:30  INFO 22160 --- [           main] .s.d.r.c.RepositoryConfigurationDelegate : Bootstrapping Spring Data MongoDB repositories in DEFAULT mode.
2024-02-16T07:56:36.460+05:30  INFO 22160 --- [           main] .s.d.r.c.RepositoryConfigurationDelegate : Finished Spring Data repository scanning in 41 ms. Found 10 MongoDB repository interfaces.
2024-02-16T07:56:36.789+05:30  WARN 22160 --- [           main] trationDelegate$BeanPostProcessorChecker : Bean 'org.springframework.ws.config.annotation.DelegatingWsConfiguration' of type [org.springframework.ws.config.annotation.DelegatingWsConfiguration$$SpringCGLIB$$0] is not eligible for getting processed by all BeanPostProcessors (for example: not eligible for auto-proxying). The currently created BeanPostProcessor [annotationActionEndpointMapping] is declared through a non-static factory method on that class; consider declaring it as static instead.
2024-02-16T07:56:36.864+05:30  INFO 22160 --- [           main] .w.s.a.s.AnnotationActionEndpointMapping : Supporting [WS-Addressing August 2004, WS-Addressing 1.0]
2024-02-16T07:56:37.261+05:30  INFO 22160 --- [           main] org.mongodb.driver.client                : MongoClient with metadata {"driver": {"name": "mongo-java-driver|sync|spring-boot", "version": "4.11.1"}, "os": {"type": "Windows", "name": "Windows 11", "architecture": "amd64", "version": "10.0"}, "platform": "Java/Oracle Corporation/21.0.1+12-LTS-29"} created with settings MongoClientSettings{readPreference=primary, writeConcern=WriteConcern{w=null, wTimeout=null ms, journal=null}, retryWrites=true, retryReads=true, readConcern=ReadConcern{level=null}, credential=MongoCredential{mechanism=null, userName='selvamuthukannan', source='admin', password=<hidden>, mechanismProperties=<hidden>}, transportSettings=null, streamFactoryFactory=null, commandListeners=[], codecRegistry=ProvidersCodecRegistry{codecProviders=[ValueCodecProvider{}, BsonValueCodecProvider{}, DBRefCodecProvider{}, DBObjectCodecProvider{}, DocumentCodecProvider{}, CollectionCodecProvider{}, IterableCodecProvider{}, MapCodecProvider{}, GeoJsonCodecProvider{}, GridFSFileCodecProvider{}, Jsr310CodecProvider{}, JsonObjectCodecProvider{}, BsonCodecProvider{}, EnumCodecProvider{}, com.mongodb.client.model.mql.ExpressionCodecProvider@525b1b70, com.mongodb.Jep395RecordCodecProvider@16d07cf3, com.mongodb.KotlinCodecProvider@16f0ec18]}, loggerSettings=LoggerSettings{maxDocumentLength=1000}, clusterSettings={hosts=[127.0.0.1:27017], srvHost=cluster0.chudbga.mongodb.net, srvServiceName=mongodb, mode=MULTIPLE, requiredClusterType=REPLICA_SET, requiredReplicaSetName='atlas-c8ylim-shard-0', serverSelector='null', clusterListeners='[]', serverSelectionTimeout='30000 ms', localThreshold='15 ms'}, socketSettings=SocketSettings{connectTimeoutMS=10000, readTimeoutMS=0, receiveBufferSize=0, proxySettings=ProxySettings{host=null, port=null, username=null, password=null}}, heartbeatSocketSettings=SocketSettings{connectTimeoutMS=10000, readTimeoutMS=10000, receiveBufferSize=0, proxySettings=ProxySettings{host=null, port=null, username=null, password=null}}, connectionPoolSettings=ConnectionPoolSettings{maxSize=100, minSize=0, maxWaitTimeMS=120000, maxConnectionLifeTimeMS=0, maxConnectionIdleTimeMS=0, maintenanceInitialDelayMS=0, maintenanceFrequencyMS=60000, connectionPoolListeners=[], maxConnecting=2}, serverSettings=ServerSettings{heartbeatFrequencyMS=10000, minHeartbeatFrequencyMS=500, serverListeners='[]', serverMonitorListeners='[]'}, sslSettings=SslSettings{enabled=true, invalidHostNameAllowed=false, context=null}, applicationName='null', compressorList=[], uuidRepresentation=JAVA_LEGACY, serverApi=null, autoEncryptionSettings=null, dnsClient=null, inetAddressResolver=null, contextProvider=null}
2024-02-16T07:56:37.295+05:30  INFO 22160 --- [bga.mongodb.net] org.mongodb.driver.cluster               : Adding discovered server ac-ejunyoz-shard-00-01.chudbga.mongodb.net:27017 to client view of cluster
2024-02-16T07:56:37.339+05:30  INFO 22160 --- [bga.mongodb.net] org.mongodb.driver.cluster               : Adding discovered server ac-ejunyoz-shard-00-00.chudbga.mongodb.net:27017 to client view of cluster
2024-02-16T07:56:37.344+05:30  INFO 22160 --- [bga.mongodb.net] org.mongodb.driver.cluster               : Adding discovered server ac-ejunyoz-shard-00-02.chudbga.mongodb.net:27017 to client view of cluster
2024-02-16T07:56:38.194+05:30  INFO 22160 --- [ngodb.net:27017] org.mongodb.driver.cluster               : Monitor thread successfully connected to server with description ServerDescription{address=ac-ejunyoz-shard-00-00.chudbga.mongodb.net:27017, type=REPLICA_SET_SECONDARY, state=CONNECTED, ok=true, minWireVersion=0, maxWireVersion=17, maxDocumentSize=16777216, logicalSessionTimeoutMinutes=30, roundTripTimeNanos=457913000, setName='atlas-c8ylim-shard-0', canonicalAddress=ac-ejunyoz-shard-00-00.chudbga.mongodb.net:27017, hosts=[ac-ejunyoz-shard-00-00.chudbga.mongodb.net:27017, ac-ejunyoz-shard-00-01.chudbga.mongodb.net:27017, ac-ejunyoz-shard-00-02.chudbga.mongodb.net:27017], passives=[], arbiters=[], primary='ac-ejunyoz-shard-00-01.chudbga.mongodb.net:27017', tagSet=TagSet{[Tag{name='availabilityZone', value='aps1-az1'}, Tag{name='diskState', value='READY'}, Tag{name='nodeType', value='ELECTABLE'}, Tag{name='provider', value='AWS'}, Tag{name='region', value='AP_SOUTH_1'}, Tag{name='workloadType', value='OPERATIONAL'}]}, electionId=null, setVersion=20, topologyVersion=TopologyVersion{processId=65ce7cb2366404b2c6ee1f5d, counter=4}, lastWriteDate=Fri Feb 16 07:56:38 IST 2024, lastUpdateTimeNanos=38859848549800}
2024-02-16T07:56:38.194+05:30  INFO 22160 --- [ngodb.net:27017] org.mongodb.driver.cluster               : Monitor thread successfully connected to server with description ServerDescription{address=ac-ejunyoz-shard-00-01.chudbga.mongodb.net:27017, type=REPLICA_SET_PRIMARY, state=CONNECTED, ok=true, minWireVersion=0, maxWireVersion=17, maxDocumentSize=16777216, logicalSessionTimeoutMinutes=30, roundTripTimeNanos=465811500, setName='atlas-c8ylim-shard-0', canonicalAddress=ac-ejunyoz-shard-00-01.chudbga.mongodb.net:27017, hosts=[ac-ejunyoz-shard-00-00.chudbga.mongodb.net:27017, ac-ejunyoz-shard-00-01.chudbga.mongodb.net:27017, ac-ejunyoz-shard-00-02.chudbga.mongodb.net:27017], passives=[], arbiters=[], primary='ac-ejunyoz-shard-00-01.chudbga.mongodb.net:27017', tagSet=TagSet{[Tag{name='availabilityZone', value='aps1-az3'}, Tag{name='diskState', value='READY'}, Tag{name='nodeType', value='ELECTABLE'}, Tag{name='provider', value='AWS'}, Tag{name='region', value='AP_SOUTH_1'}, Tag{name='workloadType', value='OPERATIONAL'}]}, electionId=7fffffff000000000000018a, setVersion=20, topologyVersion=TopologyVersion{processId=65ce7e238b3c843eec0c003d, counter=6}, lastWriteDate=Fri Feb 16 07:56:38 IST 2024, lastUpdateTimeNanos=38859848549800}
2024-02-16T07:56:38.196+05:30  INFO 22160 --- [ngodb.net:27017] org.mongodb.driver.cluster               : Monitor thread successfully connected to server with description ServerDescription{address=ac-ejunyoz-shard-00-02.chudbga.mongodb.net:27017, type=REPLICA_SET_SECONDARY, state=CONNECTED, ok=true, minWireVersion=0, maxWireVersion=17, maxDocumentSize=16777216, logicalSessionTimeoutMinutes=30, roundTripTimeNanos=462459500, setName='atlas-c8ylim-shard-0', canonicalAddress=ac-ejunyoz-shard-00-02.chudbga.mongodb.net:27017, hosts=[ac-ejunyoz-shard-00-00.chudbga.mongodb.net:27017, ac-ejunyoz-shard-00-01.chudbga.mongodb.net:27017, ac-ejunyoz-shard-00-02.chudbga.mongodb.net:27017], passives=[], arbiters=[], primary='ac-ejunyoz-shard-00-01.chudbga.mongodb.net:27017', tagSet=TagSet{[Tag{name='availabilityZone', value='aps1-az2'}, Tag{name='diskState', value='READY'}, Tag{name='nodeType', value='ELECTABLE'}, Tag{name='provider', value='AWS'}, Tag{name='region', value='AP_SOUTH_1'}, Tag{name='workloadType', value='OPERATIONAL'}]}, electionId=null, setVersion=20, topologyVersion=TopologyVersion{processId=65ce7fe5d37c420534df1155, counter=3}, lastWriteDate=Fri Feb 16 07:56:38 IST 2024, lastUpdateTimeNanos=38859848748500}
2024-02-16T07:56:38.199+05:30  INFO 22160 --- [ngodb.net:27017] org.mongodb.driver.cluster               : Discovered replica set primary ac-ejunyoz-shard-00-01.chudbga.mongodb.net:27017 with max election id 7fffffff000000000000018a and max set version 20
2024-02-16T07:56:38.802+05:30  INFO 22160 --- [           main] org.mongodb.driver.client                : MongoClient with metadata {"driver": {"name": "mongo-java-driver|reactive-streams|spring-boot", "version": "4.11.1"}, "os": {"type": "Windows", "name": "Windows 11", "architecture": "amd64", "version": "10.0"}, "platform": "Java/Oracle Corporation/21.0.1+12-LTS-29"} created with settings MongoClientSettings{readPreference=primary, writeConcern=WriteConcern{w=null, wTimeout=null ms, journal=null}, retryWrites=true, retryReads=true, readConcern=ReadConcern{level=null}, credential=MongoCredential{mechanism=null, userName='selvamuthukannan', source='admin', password=<hidden>, mechanismProperties=<hidden>}, transportSettings=null, streamFactoryFactory=null, commandListeners=[], codecRegistry=ProvidersCodecRegistry{codecProviders=[ValueCodecProvider{}, BsonValueCodecProvider{}, DBRefCodecProvider{}, DBObjectCodecProvider{}, DocumentCodecProvider{}, CollectionCodecProvider{}, IterableCodecProvider{}, MapCodecProvider{}, GeoJsonCodecProvider{}, GridFSFileCodecProvider{}, Jsr310CodecProvider{}, JsonObjectCodecProvider{}, BsonCodecProvider{}, EnumCodecProvider{}, com.mongodb.client.model.mql.ExpressionCodecProvider@525b1b70, com.mongodb.Jep395RecordCodecProvider@16d07cf3, com.mongodb.KotlinCodecProvider@16f0ec18]}, loggerSettings=LoggerSettings{maxDocumentLength=1000}, clusterSettings={hosts=[127.0.0.1:27017], srvHost=cluster0.chudbga.mongodb.net, srvServiceName=mongodb, mode=MULTIPLE, requiredClusterType=REPLICA_SET, requiredReplicaSetName='atlas-c8ylim-shard-0', serverSelector='null', clusterListeners='[]', serverSelectionTimeout='30000 ms', localThreshold='15 ms'}, socketSettings=SocketSettings{connectTimeoutMS=10000, readTimeoutMS=0, receiveBufferSize=0, proxySettings=ProxySettings{host=null, port=null, username=null, password=null}}, heartbeatSocketSettings=SocketSettings{connectTimeoutMS=10000, readTimeoutMS=10000, receiveBufferSize=0, proxySettings=ProxySettings{host=null, port=null, username=null, password=null}}, connectionPoolSettings=ConnectionPoolSettings{maxSize=100, minSize=0, maxWaitTimeMS=120000, maxConnectionLifeTimeMS=0, maxConnectionIdleTimeMS=0, maintenanceInitialDelayMS=0, maintenanceFrequencyMS=60000, connectionPoolListeners=[], maxConnecting=2}, serverSettings=ServerSettings{heartbeatFrequencyMS=10000, minHeartbeatFrequencyMS=500, serverListeners='[]', serverMonitorListeners='[]'}, sslSettings=SslSettings{enabled=true, invalidHostNameAllowed=false, context=null}, applicationName='null', compressorList=[], uuidRepresentation=JAVA_LEGACY, serverApi=null, autoEncryptionSettings=null, dnsClient=null, inetAddressResolver=null, contextProvider=null}
2024-02-16T07:56:38.827+05:30  INFO 22160 --- [bga.mongodb.net] org.mongodb.driver.cluster               : Adding discovered server ac-ejunyoz-shard-00-01.chudbga.mongodb.net:27017 to client view of cluster
2024-02-16T07:56:38.831+05:30  INFO 22160 --- [bga.mongodb.net] org.mongodb.driver.cluster               : Adding discovered server ac-ejunyoz-shard-00-00.chudbga.mongodb.net:27017 to client view of cluster
2024-02-16T07:56:38.834+05:30  INFO 22160 --- [bga.mongodb.net] org.mongodb.driver.cluster               : Adding discovered server ac-ejunyoz-shard-00-02.chudbga.mongodb.net:27017 to client view of cluster
2024-02-16T07:56:38.968+05:30  INFO 22160 --- [           main] c.example.Demo.Train1ApplicationTests    : Started Train1ApplicationTests in 3.945 seconds (process running for 5.123)
2024-02-16T07:56:39.005+05:30  INFO 22160 --- [ngodb.net:27017] org.mongodb.driver.cluster               : Monitor thread successfully connected to server with description ServerDescription{address=ac-ejunyoz-shard-00-02.chudbga.mongodb.net:27017, type=REPLICA_SET_SECONDARY, state=CONNECTED, ok=true, minWireVersion=0, maxWireVersion=17, maxDocumentSize=16777216, logicalSessionTimeoutMinutes=30, roundTripTimeNanos=120904800, setName='atlas-c8ylim-shard-0', canonicalAddress=ac-ejunyoz-shard-00-02.chudbga.mongodb.net:27017, hosts=[ac-ejunyoz-shard-00-00.chudbga.mongodb.net:27017, ac-ejunyoz-shard-00-01.chudbga.mongodb.net:27017, ac-ejunyoz-shard-00-02.chudbga.mongodb.net:27017], passives=[], arbiters=[], primary='ac-ejunyoz-shard-00-01.chudbga.mongodb.net:27017', tagSet=TagSet{[Tag{name='availabilityZone', value='aps1-az2'}, Tag{name='diskState', value='READY'}, Tag{name='nodeType', value='ELECTABLE'}, Tag{name='provider', value='AWS'}, Tag{name='region', value='AP_SOUTH_1'}, Tag{name='workloadType', value='OPERATIONAL'}]}, electionId=null, setVersion=20, topologyVersion=TopologyVersion{processId=65ce7fe5d37c420534df1155, counter=3}, lastWriteDate=Fri Feb 16 07:56:39 IST 2024, lastUpdateTimeNanos=38860662336200}
2024-02-16T07:56:39.022+05:30  INFO 22160 --- [ngodb.net:27017] org.mongodb.driver.cluster               : Monitor thread successfully connected to server with description ServerDescription{address=ac-ejunyoz-shard-00-01.chudbga.mongodb.net:27017, type=REPLICA_SET_PRIMARY, state=CONNECTED, ok=true, minWireVersion=0, maxWireVersion=17, maxDocumentSize=16777216, logicalSessionTimeoutMinutes=30, roundTripTimeNanos=137635000, setName='atlas-c8ylim-shard-0', canonicalAddress=ac-ejunyoz-shard-00-01.chudbga.mongodb.net:27017, hosts=[ac-ejunyoz-shard-00-00.chudbga.mongodb.net:27017, ac-ejunyoz-shard-00-01.chudbga.mongodb.net:27017, ac-ejunyoz-shard-00-02.chudbga.mongodb.net:27017], passives=[], arbiters=[], primary='ac-ejunyoz-shard-00-01.chudbga.mongodb.net:27017', tagSet=TagSet{[Tag{name='availabilityZone', value='aps1-az3'}, Tag{name='diskState', value='READY'}, Tag{name='nodeType', value='ELECTABLE'}, Tag{name='provider', value='AWS'}, Tag{name='region', value='AP_SOUTH_1'}, Tag{name='workloadType', value='OPERATIONAL'}]}, electionId=7fffffff000000000000018a, setVersion=20, topologyVersion=TopologyVersion{processId=65ce7e238b3c843eec0c003d, counter=6}, lastWriteDate=Fri Feb 16 07:56:39 IST 2024, lastUpdateTimeNanos=38860678682300}
2024-02-16T07:56:39.022+05:30  INFO 22160 --- [ngodb.net:27017] org.mongodb.driver.cluster               : Monitor thread successfully connected to server with description ServerDescription{address=ac-ejunyoz-shard-00-00.chudbga.mongodb.net:27017, type=REPLICA_SET_SECONDARY, state=CONNECTED, ok=true, minWireVersion=0, maxWireVersion=17, maxDocumentSize=16777216, logicalSessionTimeoutMinutes=30, roundTripTimeNanos=138429200, setName='atlas-c8ylim-shard-0', canonicalAddress=ac-ejunyoz-shard-00-00.chudbga.mongodb.net:27017, hosts=[ac-ejunyoz-shard-00-00.chudbga.mongodb.net:27017, ac-ejunyoz-shard-00-01.chudbga.mongodb.net:27017, ac-ejunyoz-shard-00-02.chudbga.mongodb.net:27017], passives=[], arbiters=[], primary='ac-ejunyoz-shard-00-01.chudbga.mongodb.net:27017', tagSet=TagSet{[Tag{name='availabilityZone', value='aps1-az1'}, Tag{name='diskState', value='READY'}, Tag{name='nodeType', value='ELECTABLE'}, Tag{name='provider', value='AWS'}, Tag{name='region', value='AP_SOUTH_1'}, Tag{name='workloadType', value='OPERATIONAL'}]}, electionId=null, setVersion=20, topologyVersion=TopologyVersion{processId=65ce7cb2366404b2c6ee1f5d, counter=4}, lastWriteDate=Fri Feb 16 07:56:39 IST 2024, lastUpdateTimeNanos=38860679258600}
2024-02-16T07:56:39.022+05:30  INFO 22160 --- [ngodb.net:27017] org.mongodb.driver.cluster               : Discovered replica set primary ac-ejunyoz-shard-00-01.chudbga.mongodb.net:27017 with max election id 7fffffff000000000000018a and max set version 20
]]></system-out>
    <system-err><![CDATA[WARNING: A Java agent has been loaded dynamically (C:\Users\mselv\.m2\repository\net\bytebuddy\byte-buddy-agent\1.14.10\byte-buddy-agent-1.14.10.jar)
WARNING: If a serviceability tool is in use, please run with -XX:+EnableDynamicAgentLoading to hide this warning
WARNING: If a serviceability tool is not in use, please run with -Djdk.instrument.traceUsage for more information
WARNING: Dynamic loading of agents will be disallowed by default in a future release
]]></system-err>
  </testcase>
</testsuite>